# JRE version: Java(TM) SE Runtime Environment (8.0_231-b11) (build 1.8.0_231-b11)
# Java VM: Java HotSpot(TM) 64-Bit Server VM (25.231-b11 mixed mode windows-amd64 compressed oops)
Heap:
 PSYoungGen      total 37888K, used 13220K [0x00000000d6300000, 0x00000000d8d00000, 0x0000000100000000)
  eden space 32768K, 28% used [0x00000000d6300000,0x00000000d6c283f0,0x00000000d8300000)
  from space 5120K, 75% used [0x00000000d8800000,0x00000000d8bc0c68,0x00000000d8d00000)
  to   space 5120K, 0% used [0x00000000d8300000,0x00000000d8300000,0x00000000d8800000)
 ParOldGen       total 58368K, used 7545K [0x0000000082800000, 0x0000000086100000, 0x00000000d6300000)
  object space 58368K, 12% used [0x0000000082800000,0x0000000082f5e760,0x0000000086100000)
 Metaspace       used 23876K, capacity 24754K, committed 24832K, reserved 1071104K
  class space    used 3120K, capacity 3315K, committed 3328K, reserved 1048576K
GC Heap History (10 events):
Event: 4.830 GC heap before
{Heap before GC invocations=3 (full 0):
 PSYoungGen      total 37888K, used 37723K [0x00000000d6300000, 0x00000000d8d00000, 0x0000000100000000)
  eden space 32768K, 100% used [0x00000000d6300000,0x00000000d8300000,0x00000000d8300000)
  from space 5120K, 96% used [0x00000000d8800000,0x00000000d8cd6c00,0x00000000d8d00000)
  to   space 5120K, 0% used [0x00000000d8300000,0x00000000d8300000,0x00000000d8800000)
 ParOldGen       total 86016K, used 24K [0x0000000082800000, 0x0000000087c00000, 0x00000000d6300000)
  object space 86016K, 0% used [0x0000000082800000,0x0000000082806000,0x0000000087c00000)
 Metaspace       used 15414K, capacity 16002K, committed 16256K, reserved 1062912K
  class space    used 1920K, capacity 2091K, committed 2176K, reserved 1048576K
Event: 4.846 GC heap after
Heap after GC invocations=3 (full 0):
 PSYoungGen      total 37888K, used 5088K [0x00000000d6300000, 0x00000000d8d00000, 0x0000000100000000)
  eden space 32768K, 0% used [0x00000000d6300000,0x00000000d6300000,0x00000000d8300000)
  from space 5120K, 99% used [0x00000000d8300000,0x00000000d87f8200,0x00000000d8800000)
  to   space 5120K, 0% used [0x00000000d8800000,0x00000000d8800000,0x00000000d8d00000)
 ParOldGen       total 86016K, used 1091K [0x0000000082800000, 0x0000000087c00000, 0x00000000d6300000)
  object space 86016K, 1% used [0x0000000082800000,0x0000000082910f98,0x0000000087c00000)
 Metaspace       used 15414K, capacity 16002K, committed 16256K, reserved 1062912K
  class space    used 1920K, capacity 2091K, committed 2176K, reserved 1048576K
}
Event: 5.247 GC heap before
{Heap before GC invocations=4 (full 0):
 PSYoungGen      total 37888K, used 37856K [0x00000000d6300000, 0x00000000d8d00000, 0x0000000100000000)
  eden space 32768K, 100% used [0x00000000d6300000,0x00000000d8300000,0x00000000d8300000)
  from space 5120K, 99% used [0x00000000d8300000,0x00000000d87f8200,0x00000000d8800000)
  to   space 5120K, 0% used [0x00000000d8800000,0x00000000d8800000,0x00000000d8d00000)
 ParOldGen       total 86016K, used 1091K [0x0000000082800000, 0x0000000087c00000, 0x00000000d6300000)
  object space 86016K, 1% used [0x0000000082800000,0x0000000082910f98,0x0000000087c00000)
 Metaspace       used 17371K, capacity 18046K, committed 18176K, reserved 1064960K
  class space    used 2296K, capacity 2475K, committed 2560K, reserved 1048576K
Event: 5.260 GC heap after
Heap after GC invocations=4 (full 0):
 PSYoungGen      total 37888K, used 5115K [0x00000000d6300000, 0x00000000d8d00000, 0x0000000100000000)
  eden space 32768K, 0% used [0x00000000d6300000,0x00000000d6300000,0x00000000d8300000)
  from space 5120K, 99% used [0x00000000d8800000,0x00000000d8cfede0,0x00000000d8d00000)
  to   space 5120K, 0% used [0x00000000d8300000,0x00000000d8300000,0x00000000d8800000)
 ParOldGen       total 86016K, used 2227K [0x0000000082800000, 0x0000000087c00000, 0x00000000d6300000)
  object space 86016K, 2% used [0x0000000082800000,0x0000000082a2cc70,0x0000000087c00000)
 Metaspace       used 17371K, capacity 18046K, committed 18176K, reserved 1064960K
  class space    used 2296K, capacity 2475K, committed 2560K, reserved 1048576K
}
Event: 5.789 GC heap before
{Heap before GC invocations=5 (full 0):
 PSYoungGen      total 37888K, used 37644K [0x00000000d6300000, 0x00000000d8d00000, 0x0000000100000000)
  eden space 32768K, 99% used [0x00000000d6300000,0x00000000d82c4388,0x00000000d8300000)
  from space 5120K, 99% used [0x00000000d8800000,0x00000000d8cfede0,0x00000000d8d00000)
  to   space 5120K, 0% used [0x00000000d8300000,0x00000000d8300000,0x00000000d8800000)
 ParOldGen       total 86016K, used 2227K [0x0000000082800000, 0x0000000087c00000, 0x00000000d6300000)
  object space 86016K, 2% used [0x0000000082800000,0x0000000082a2cc70,0x0000000087c00000)
 Metaspace       used 20463K, capacity 21206K, committed 21296K, reserved 1067008K
  class space    used 2686K, capacity 2879K, committed 2944K, reserved 1048576K
Event: 5.801 GC heap after
Heap after GC invocations=5 (full 0):
 PSYoungGen      total 37888K, used 5106K [0x00000000d6300000, 0x00000000d8d00000, 0x0000000100000000)
  eden space 32768K, 0% used [0x00000000d6300000,0x00000000d6300000,0x00000000d8300000)
  from space 5120K, 99% used [0x00000000d8300000,0x00000000d87fcab8,0x00000000d8800000)
  to   space 5120K, 0% used [0x00000000d8800000,0x00000000d8800000,0x00000000d8d00000)
 ParOldGen       total 86016K, used 4890K [0x0000000082800000, 0x0000000087c00000, 0x00000000d6300000)
  object space 86016K, 5% used [0x0000000082800000,0x0000000082cc6b98,0x0000000087c00000)
 Metaspace       used 20463K, capacity 21206K, committed 21296K, reserved 1067008K
  class space    used 2686K, capacity 2879K, committed 2944K, reserved 1048576K
}
Event: 5.801 GC heap before
{Heap before GC invocations=6 (full 1):
 PSYoungGen      total 37888K, used 5106K [0x00000000d6300000, 0x00000000d8d00000, 0x0000000100000000)
  eden space 32768K, 0% used [0x00000000d6300000,0x00000000d6300000,0x00000000d8300000)
  from space 5120K, 99% used [0x00000000d8300000,0x00000000d87fcab8,0x00000000d8800000)
  to   space 5120K, 0% used [0x00000000d8800000,0x00000000d8800000,0x00000000d8d00000)
 ParOldGen       total 86016K, used 4890K [0x0000000082800000, 0x0000000087c00000, 0x00000000d6300000)
  object space 86016K, 5% used [0x0000000082800000,0x0000000082cc6b98,0x0000000087c00000)
 Metaspace       used 20463K, capacity 21206K, committed 21296K, reserved 1067008K
  class space    used 2686K, capacity 2879K, committed 2944K, reserved 1048576K
Event: 5.874 GC heap after
Heap after GC invocations=6 (full 1):
 PSYoungGen      total 37888K, used 0K [0x00000000d6300000, 0x00000000d8d00000, 0x0000000100000000)
  eden space 32768K, 0% used [0x00000000d6300000,0x00000000d6300000,0x00000000d8300000)
  from space 5120K, 0% used [0x00000000d8300000,0x00000000d8300000,0x00000000d8800000)
  to   space 5120K, 0% used [0x00000000d8800000,0x00000000d8800000,0x00000000d8d00000)
 ParOldGen       total 58368K, used 7545K [0x0000000082800000, 0x0000000086100000, 0x00000000d6300000)
  object space 58368K, 12% used [0x0000000082800000,0x0000000082f5e760,0x0000000086100000)
 Metaspace       used 20463K, capacity 21206K, committed 21296K, reserved 1067008K
  class space    used 2686K, capacity 2879K, committed 2944K, reserved 1048576K
}
Event: 6.688 GC heap before
{Heap before GC invocations=7 (full 1):
 PSYoungGen      total 37888K, used 32768K [0x00000000d6300000, 0x00000000d8d00000, 0x0000000100000000)
  eden space 32768K, 100% used [0x00000000d6300000,0x00000000d8300000,0x00000000d8300000)
  from space 5120K, 0% used [0x00000000d8300000,0x00000000d8300000,0x00000000d8800000)
  to   space 5120K, 0% used [0x00000000d8800000,0x00000000d8800000,0x00000000d8d00000)
 ParOldGen       total 58368K, used 7545K [0x0000000082800000, 0x0000000086100000, 0x00000000d6300000)
  object space 58368K, 12% used [0x0000000082800000,0x0000000082f5e760,0x0000000086100000)
 Metaspace       used 23118K, capacity 23972K, committed 24320K, reserved 1071104K
  class space    used 3027K, capacity 3218K, committed 3328K, reserved 1048576K
Event: 6.695 GC heap after
Heap after GC invocations=7 (full 1):
 PSYoungGen      total 37888K, used 3843K [0x00000000d6300000, 0x00000000d8d00000, 0x0000000100000000)
  eden space 32768K, 0% used [0x00000000d6300000,0x00000000d6300000,0x00000000d8300000)
  from space 5120K, 75% used [0x00000000d8800000,0x00000000d8bc0c68,0x00000000d8d00000)
  to   space 5120K, 0% used [0x00000000d8300000,0x00000000d8300000,0x00000000d8800000)
 ParOldGen       total 58368K, used 7545K [0x0000000082800000, 0x0000000086100000, 0x00000000d6300000)
  object space 58368K, 12% used [0x0000000082800000,0x0000000082f5e760,0x0000000086100000)
 Metaspace       used 23118K, capacity 23972K, committed 24320K, reserved 1071104K
  class space    used 3027K, capacity 3218K, committed 3328K, reserved 1048576K
}

