# JRE version: Java(TM) SE Runtime Environment (8.0_231-b11) (build 1.8.0_231-b11)
# Java VM: Java HotSpot(TM) 64-Bit Server VM (25.231-b11 mixed mode windows-amd64 compressed oops)
Heap:
 PSYoungGen      total 137728K, used 25586K [0x00000000d6300000, 0x00000000e1680000, 0x0000000100000000)
  eden space 129024K, 13% used [0x00000000d6300000,0x00000000d737e5b8,0x00000000de100000)
  from space 8704K, 99% used [0x00000000de100000,0x00000000de97e538,0x00000000de980000)
  to   space 10240K, 0% used [0x00000000e0c80000,0x00000000e0c80000,0x00000000e1680000)
 ParOldGen       total 54784K, used 9129K [0x0000000082800000, 0x0000000085d80000, 0x00000000d6300000)
  object space 54784K, 16% used [0x0000000082800000,0x00000000830ea4b0,0x0000000085d80000)
 Metaspace       used 33662K, capacity 35134K, committed 35456K, reserved 1079296K
  class space    used 4381K, capacity 4665K, committed 4736K, reserved 1048576K
GC Heap History (10 events):
Event: 3.596 GC heap before
{Heap before GC invocations=4 (full 0):
 PSYoungGen      total 37888K, used 37887K [0x00000000d6300000, 0x00000000dad00000, 0x0000000100000000)
  eden space 32768K, 100% used [0x00000000d6300000,0x00000000d8300000,0x00000000d8300000)
  from space 5120K, 99% used [0x00000000d8300000,0x00000000d87ffde8,0x00000000d8800000)
  to   space 5120K, 0% used [0x00000000da800000,0x00000000da800000,0x00000000dad00000)
 ParOldGen       total 86016K, used 1125K [0x0000000082800000, 0x0000000087c00000, 0x00000000d6300000)
  object space 86016K, 1% used [0x0000000082800000,0x0000000082919488,0x0000000087c00000)
 Metaspace       used 17348K, capacity 18014K, committed 18176K, reserved 1064960K
  class space    used 2281K, capacity 2443K, committed 2560K, reserved 1048576K
Event: 3.608 GC heap after
Heap after GC invocations=4 (full 0):
 PSYoungGen      total 70656K, used 5109K [0x00000000d6300000, 0x00000000dad00000, 0x0000000100000000)
  eden space 65536K, 0% used [0x00000000d6300000,0x00000000d6300000,0x00000000da300000)
  from space 5120K, 99% used [0x00000000da800000,0x00000000dacfd6b8,0x00000000dad00000)
  to   space 5120K, 0% used [0x00000000da300000,0x00000000da300000,0x00000000da800000)
 ParOldGen       total 86016K, used 2450K [0x0000000082800000, 0x0000000087c00000, 0x00000000d6300000)
  object space 86016K, 2% used [0x0000000082800000,0x0000000082a64a88,0x0000000087c00000)
 Metaspace       used 17348K, capacity 18014K, committed 18176K, reserved 1064960K
  class space    used 2281K, capacity 2443K, committed 2560K, reserved 1048576K
}
Event: 4.053 GC heap before
{Heap before GC invocations=5 (full 0):
 PSYoungGen      total 70656K, used 37949K [0x00000000d6300000, 0x00000000dad00000, 0x0000000100000000)
  eden space 65536K, 50% used [0x00000000d6300000,0x00000000d8311e18,0x00000000da300000)
  from space 5120K, 99% used [0x00000000da800000,0x00000000dacfd6b8,0x00000000dad00000)
  to   space 5120K, 0% used [0x00000000da300000,0x00000000da300000,0x00000000da800000)
 ParOldGen       total 86016K, used 2450K [0x0000000082800000, 0x0000000087c00000, 0x00000000d6300000)
  object space 86016K, 2% used [0x0000000082800000,0x0000000082a64a88,0x0000000087c00000)
 Metaspace       used 20455K, capacity 21200K, committed 21296K, reserved 1067008K
  class space    used 2679K, capacity 2878K, committed 2944K, reserved 1048576K
Event: 4.065 GC heap after
Heap after GC invocations=5 (full 0):
 PSYoungGen      total 70656K, used 5098K [0x00000000d6300000, 0x00000000df400000, 0x0000000100000000)
  eden space 65536K, 0% used [0x00000000d6300000,0x00000000d6300000,0x00000000da300000)
  from space 5120K, 99% used [0x00000000da300000,0x00000000da7faab8,0x00000000da800000)
  to   space 8704K, 0% used [0x00000000deb80000,0x00000000deb80000,0x00000000df400000)
 ParOldGen       total 86016K, used 5086K [0x0000000082800000, 0x0000000087c00000, 0x00000000d6300000)
  object space 86016K, 5% used [0x0000000082800000,0x0000000082cf79f8,0x0000000087c00000)
 Metaspace       used 20455K, capacity 21200K, committed 21296K, reserved 1067008K
  class space    used 2679K, capacity 2878K, committed 2944K, reserved 1048576K
}
Event: 4.065 GC heap before
{Heap before GC invocations=6 (full 1):
 PSYoungGen      total 70656K, used 5098K [0x00000000d6300000, 0x00000000df400000, 0x0000000100000000)
  eden space 65536K, 0% used [0x00000000d6300000,0x00000000d6300000,0x00000000da300000)
  from space 5120K, 99% used [0x00000000da300000,0x00000000da7faab8,0x00000000da800000)
  to   space 8704K, 0% used [0x00000000deb80000,0x00000000deb80000,0x00000000df400000)
 ParOldGen       total 86016K, used 5086K [0x0000000082800000, 0x0000000087c00000, 0x00000000d6300000)
  object space 86016K, 5% used [0x0000000082800000,0x0000000082cf79f8,0x0000000087c00000)
 Metaspace       used 20455K, capacity 21200K, committed 21296K, reserved 1067008K
  class space    used 2679K, capacity 2878K, committed 2944K, reserved 1048576K
Event: 4.117 GC heap after
Heap after GC invocations=6 (full 1):
 PSYoungGen      total 70656K, used 0K [0x00000000d6300000, 0x00000000df400000, 0x0000000100000000)
  eden space 65536K, 0% used [0x00000000d6300000,0x00000000d6300000,0x00000000da300000)
  from space 5120K, 0% used [0x00000000da300000,0x00000000da300000,0x00000000da800000)
  to   space 8704K, 0% used [0x00000000deb80000,0x00000000deb80000,0x00000000df400000)
 ParOldGen       total 54784K, used 7564K [0x0000000082800000, 0x0000000085d80000, 0x00000000d6300000)
  object space 54784K, 13% used [0x0000000082800000,0x0000000082f63268,0x0000000085d80000)
 Metaspace       used 20455K, capacity 21200K, committed 21296K, reserved 1067008K
  class space    used 2679K, capacity 2878K, committed 2944K, reserved 1048576K
}
Event: 6.321 GC heap before
{Heap before GC invocations=7 (full 1):
 PSYoungGen      total 70656K, used 65536K [0x00000000d6300000, 0x00000000df400000, 0x0000000100000000)
  eden space 65536K, 100% used [0x00000000d6300000,0x00000000da300000,0x00000000da300000)
  from space 5120K, 0% used [0x00000000da300000,0x00000000da300000,0x00000000da800000)
  to   space 8704K, 0% used [0x00000000deb80000,0x00000000deb80000,0x00000000df400000)
 ParOldGen       total 54784K, used 7564K [0x0000000082800000, 0x0000000085d80000, 0x00000000d6300000)
  object space 54784K, 13% used [0x0000000082800000,0x0000000082f63268,0x0000000085d80000)
 Metaspace       used 24671K, capacity 25694K, committed 25728K, reserved 1071104K
  class space    used 3221K, capacity 3447K, committed 3456K, reserved 1048576K
Event: 6.335 GC heap after
Heap after GC invocations=7 (full 1):
 PSYoungGen      total 112128K, used 6524K [0x00000000d6300000, 0x00000000df200000, 0x0000000100000000)
  eden space 105472K, 0% used [0x00000000d6300000,0x00000000d6300000,0x00000000dca00000)
  from space 6656K, 98% used [0x00000000deb80000,0x00000000df1df1b8,0x00000000df200000)
  to   space 8704K, 0% used [0x00000000de100000,0x00000000de100000,0x00000000de980000)
 ParOldGen       total 54784K, used 7572K [0x0000000082800000, 0x0000000085d80000, 0x00000000d6300000)
  object space 54784K, 13% used [0x0000000082800000,0x0000000082f65268,0x0000000085d80000)
 Metaspace       used 24671K, capacity 25694K, committed 25728K, reserved 1071104K
  class space    used 3221K, capacity 3447K, committed 3456K, reserved 1048576K
}
Event: 17.281 GC heap before
{Heap before GC invocations=8 (full 1):
 PSYoungGen      total 112128K, used 111996K [0x00000000d6300000, 0x00000000df200000, 0x0000000100000000)
  eden space 105472K, 100% used [0x00000000d6300000,0x00000000dca00000,0x00000000dca00000)
  from space 6656K, 98% used [0x00000000deb80000,0x00000000df1df1b8,0x00000000df200000)
  to   space 8704K, 0% used [0x00000000de100000,0x00000000de100000,0x00000000de980000)
 ParOldGen       total 54784K, used 7572K [0x0000000082800000, 0x0000000085d80000, 0x00000000d6300000)
  object space 54784K, 13% used [0x0000000082800000,0x0000000082f65268,0x0000000085d80000)
 Metaspace       used 32841K, capacity 34276K, committed 34688K, reserved 1079296K
  class space    used 4310K, capacity 4622K, committed 4736K, reserved 1048576K
Event: 17.311 GC heap after
Heap after GC invocations=8 (full 1):
 PSYoungGen      total 137728K, used 8697K [0x00000000d6300000, 0x00000000e1680000, 0x0000000100000000)
  eden space 129024K, 0% used [0x00000000d6300000,0x00000000d6300000,0x00000000de100000)
  from space 8704K, 99% used [0x00000000de100000,0x00000000de97e538,0x00000000de980000)
  to   space 10240K, 0% used [0x00000000e0c80000,0x00000000e0c80000,0x00000000e1680000)
 ParOldGen       total 54784K, used 9129K [0x0000000082800000, 0x0000000085d80000, 0x00000000d6300000)
  object space 54784K, 16% used [0x0000000082800000,0x00000000830ea4b0,0x0000000085d80000)
 Metaspace       used 32841K, capacity 34276K, committed 34688K, reserved 1079296K
  class space    used 4310K, capacity 4622K, committed 4736K, reserved 1048576K
}

